terraform plan -out config.tfplan
Refreshing Terraform state in-memory prior to plan...
The refreshed state will be used to calculate this plan, but will not be
persisted to local or remote state storage.

aws_security_group.instance: Refreshing state... (ID: sg-0c7cd43e6da490808)
aws_security_group.elb: Refreshing state... (ID: sg-0b7b5e1bce918216d)
data.aws_availability_zones.all: Refreshing state...
aws_instance.web: Refreshing state... (ID: i-0cc5ddaf96bb8b216)
aws_elb.example: Refreshing state... (ID: terraform-asg-example)

------------------------------------------------------------------------

An execution plan has been generated and is shown below.
Resource actions are indicated with the following symbols:
  + create

Terraform will perform the following actions:

  + aws_autoscaling_group.example
      id:                                 <computed>
      arn:                                <computed>
      availability_zones.#:               "6"
      availability_zones.1252502072:      "us-east-1f"
      availability_zones.1305112097:      "us-east-1b"
      availability_zones.2762590996:      "us-east-1d"
      availability_zones.3551460226:      "us-east-1e"
      availability_zones.3569565595:      "us-east-1a"
      availability_zones.986537655:       "us-east-1c"
      default_cooldown:                   <computed>
      desired_capacity:                   <computed>
      force_delete:                       "false"
      health_check_grace_period:          "300"
      health_check_type:                  "ELB"
      launch_configuration:               "${aws_launch_configuration.example.id}"
      load_balancers.#:                   "1"
      load_balancers.3603464733:          "terraform-asg-example"
      max_size:                           "10"
      metrics_granularity:                "1Minute"
      min_size:                           "2"
      name:                               <computed>
      protect_from_scale_in:              "false"
      service_linked_role_arn:            <computed>
      tag.#:                              "1"
      tag.4170447404.key:                 "Name"
      tag.4170447404.propagate_at_launch: "true"
      tag.4170447404.value:               "terraform-asg-example"
      target_group_arns.#:                <computed>
      vpc_zone_identifier.#:              <computed>
      wait_for_capacity_timeout:          "10m"

  + aws_launch_configuration.example
      id:                                 <computed>
      associate_public_ip_address:        "false"
      ebs_block_device.#:                 <computed>
      ebs_optimized:                      <computed>
      enable_monitoring:                  "true"
      image_id:                           "ami-2757f631"
      instance_type:                      "t2.micro"
      key_name:                           "AWSKeyDavid"
      name:                               <computed>
      root_block_device.#:                <computed>
      security_groups.#:                  "1"
      security_groups.186986338:          "sg-0c7cd43e6da490808"
      user_data:                          "c765373c563b260626d113c4a56a46e8a8c5ca33"


Plan: 2 to add, 0 to change, 0 to destroy.

------------------------------------------------------------------------

This plan was saved to: config.tfplan

To perform exactly these actions, run the following command to apply:
    terraform apply "config.tfplan"

david@master:~/terraform$ terraform apply
aws_security_group.instance: Refreshing state... (ID: sg-0c7cd43e6da490808)
aws_security_group.elb: Refreshing state... (ID: sg-0b7b5e1bce918216d)
data.aws_availability_zones.all: Refreshing state...
aws_elb.example: Refreshing state... (ID: terraform-asg-example)
aws_instance.web: Refreshing state... (ID: i-0cc5ddaf96bb8b216)

An execution plan has been generated and is shown below.
Resource actions are indicated with the following symbols:
  + create

Terraform will perform the following actions:

  + aws_autoscaling_group.example
      id:                                 <computed>
      arn:                                <computed>
      availability_zones.#:               "6"
      availability_zones.1252502072:      "us-east-1f"
      availability_zones.1305112097:      "us-east-1b"
      availability_zones.2762590996:      "us-east-1d"
      availability_zones.3551460226:      "us-east-1e"
      availability_zones.3569565595:      "us-east-1a"
      availability_zones.986537655:       "us-east-1c"
      default_cooldown:                   <computed>
      desired_capacity:                   <computed>
      force_delete:                       "false"
      health_check_grace_period:          "300"
      health_check_type:                  "ELB"
      launch_configuration:               "${aws_launch_configuration.example.id}"
      load_balancers.#:                   "1"
      load_balancers.3603464733:          "terraform-asg-example"
      max_size:                           "10"
      metrics_granularity:                "1Minute"
      min_size:                           "2"
      name:                               <computed>
      protect_from_scale_in:              "false"
      service_linked_role_arn:            <computed>
      tag.#:                              "1"
      tag.4170447404.key:                 "Name"
      tag.4170447404.propagate_at_launch: "true"
      tag.4170447404.value:               "terraform-asg-example"
      target_group_arns.#:                <computed>
      vpc_zone_identifier.#:              <computed>
      wait_for_capacity_timeout:          "10m"

  + aws_launch_configuration.example
      id:                                 <computed>
      associate_public_ip_address:        "false"
      ebs_block_device.#:                 <computed>
      ebs_optimized:                      <computed>
      enable_monitoring:                  "true"
      image_id:                           "ami-2757f631"
      instance_type:                      "t2.micro"
      key_name:                           "AWSKeyDavid"
      name:                               <computed>
      root_block_device.#:                <computed>
      security_groups.#:                  "1"
      security_groups.186986338:          "sg-0c7cd43e6da490808"
      user_data:                          "c765373c563b260626d113c4a56a46e8a8c5ca33"


Plan: 2 to add, 0 to change, 0 to destroy.

Do you want to perform these actions?
  Terraform will perform the actions described above.
  Only 'yes' will be accepted to approve.

  Enter a value: yes

aws_launch_configuration.example: Creating...
  associate_public_ip_address: "" => "false"
  ebs_block_device.#:          "" => "<computed>"
  ebs_optimized:               "" => "<computed>"
  enable_monitoring:           "" => "true"
  image_id:                    "" => "ami-2757f631"
  instance_type:               "" => "t2.micro"
  key_name:                    "" => "AWSKeyDavid"
  name:                        "" => "<computed>"
  root_block_device.#:         "" => "<computed>"
  security_groups.#:           "" => "1"
  security_groups.186986338:   "" => "sg-0c7cd43e6da490808"
  user_data:                   "" => "c765373c563b260626d113c4a56a46e8a8c5ca33"
aws_launch_configuration.example: Creation complete after 3s (ID: terraform-20181023213228381500000001)
aws_autoscaling_group.example: Creating...
  arn:                                "" => "<computed>"
  availability_zones.#:               "" => "6"
  availability_zones.1252502072:      "" => "us-east-1f"
  availability_zones.1305112097:      "" => "us-east-1b"
  availability_zones.2762590996:      "" => "us-east-1d"
  availability_zones.3551460226:      "" => "us-east-1e"
  availability_zones.3569565595:      "" => "us-east-1a"
  availability_zones.986537655:       "" => "us-east-1c"
  default_cooldown:                   "" => "<computed>"
  desired_capacity:                   "" => "<computed>"
  force_delete:                       "" => "false"
  health_check_grace_period:          "" => "300"
  health_check_type:                  "" => "ELB"
  launch_configuration:               "" => "terraform-20181023213228381500000001"
  load_balancers.#:                   "" => "1"
  load_balancers.3603464733:          "" => "terraform-asg-example"
  max_size:                           "" => "10"
  metrics_granularity:                "" => "1Minute"
  min_size:                           "" => "2"
  name:                               "" => "<computed>"
  protect_from_scale_in:              "" => "false"
  service_linked_role_arn:            "" => "<computed>"
  tag.#:                              "" => "1"
  tag.4170447404.key:                 "" => "Name"
  tag.4170447404.propagate_at_launch: "" => "true"
  tag.4170447404.value:               "" => "terraform-asg-example"
  target_group_arns.#:                "" => "<computed>"
  vpc_zone_identifier.#:              "" => "<computed>"
  wait_for_capacity_timeout:          "" => "10m"
aws_autoscaling_group.example: Still creating... (10s elapsed)
aws_autoscaling_group.example: Still creating... (20s elapsed)
aws_autoscaling_group.example: Still creating... (30s elapsed)
aws_autoscaling_group.example: Still creating... (40s elapsed)
aws_autoscaling_group.example: Still creating... (50s elapsed)
aws_autoscaling_group.example: Still creating... (1m0s elapsed)
aws_autoscaling_group.example: Still creating... (1m10s elapsed)
aws_autoscaling_group.example: Still creating... (1m20s elapsed)
aws_autoscaling_group.example: Still creating... (1m30s elapsed)
aws_autoscaling_group.example: Still creating... (1m40s elapsed)
aws_autoscaling_group.example: Still creating... (1m50s elapsed)
aws_autoscaling_group.example: Still creating... (2m0s elapsed)
aws_autoscaling_group.example: Still creating... (2m10s elapsed)
aws_autoscaling_group.example: Still creating... (2m20s elapsed)
aws_autoscaling_group.example: Still creating... (2m30s elapsed)
aws_autoscaling_group.example: Still creating... (2m40s elapsed)
aws_autoscaling_group.example: Still creating... (2m50s elapsed)
aws_autoscaling_group.example: Creation complete after 2m53s (ID: tf-asg-20181023213230871600000002)

Apply complete! Resources: 2 added, 0 changed, 0 destroyed.

Outputs:

elb_dns_name = terraform-asg-example-841863590.us-east-1.elb.amazonaws.com
instance_ids = [
    35.153.71.96
]
david@master:~/terraform$